<?xml version="1.0" encoding="UTF-8"?>
<coverage generated="1648732545598" clover="3.2.0">
  <project timestamp="1648732545598" name="All files">
    <metrics statements="36" coveredstatements="36" conditionals="5" coveredconditionals="5" methods="8" coveredmethods="8" elements="49" coveredelements="49" complexity="0" loc="36" ncloc="36" packages="1" files="2" classes="2"/>
    <file name="account.js" path="/Users/benhall/Desktop/Projects/tech-tests/bank-tech-test/lib/account.js">
      <metrics statements="12" coveredstatements="12" conditionals="0" coveredconditionals="0" methods="4" coveredmethods="4"/>
      <line num="1" count="5" type="stmt"/>
      <line num="5" count="9" type="stmt"/>
      <line num="9" count="5" type="stmt"/>
      <line num="16" count="3" type="stmt"/>
      <line num="23" count="5" type="stmt"/>
      <line num="24" count="5" type="stmt"/>
      <line num="28" count="8" type="stmt"/>
      <line num="29" count="8" type="stmt"/>
      <line num="30" count="8" type="stmt"/>
      <line num="31" count="8" type="stmt"/>
      <line num="32" count="8" type="stmt"/>
      <line num="36" count="5" type="stmt"/>
    </file>
    <file name="statement.js" path="/Users/benhall/Desktop/Projects/tech-tests/bank-tech-test/lib/statement.js">
      <metrics statements="24" coveredstatements="24" conditionals="5" coveredconditionals="5" methods="4" coveredmethods="4"/>
      <line num="1" count="5" type="stmt"/>
      <line num="5" count="7" type="stmt"/>
      <line num="6" count="7" type="stmt"/>
      <line num="10" count="6" type="stmt"/>
      <line num="11" count="6" type="stmt"/>
      <line num="15" count="6" type="stmt"/>
      <line num="16" count="6" type="stmt"/>
      <line num="17" count="6" type="cond" truecount="2" falsecount="0"/>
      <line num="18" count="4" type="stmt"/>
      <line num="19" count="4" type="stmt"/>
      <line num="24" count="6" type="stmt"/>
      <line num="28" count="4" type="stmt"/>
      <line num="29" count="4" type="stmt"/>
      <line num="30" count="6" type="stmt"/>
      <line num="31" count="6" type="stmt"/>
      <line num="32" count="6" type="stmt"/>
      <line num="33" count="6" type="cond" truecount="2" falsecount="0"/>
      <line num="42" count="12" type="stmt"/>
      <line num="43" count="12" type="stmt"/>
      <line num="47" count="4" type="stmt"/>
      <line num="48" count="4" type="stmt"/>
      <line num="49" count="6" type="stmt"/>
      <line num="50" count="6" type="stmt"/>
      <line num="55" count="5" type="stmt"/>
    </file>
  </project>
</coverage>
