{
  "/Users/benhall/Desktop/Projects/tech-tests/bank-tech-test/lib/account.js": {
    "path": "/Users/benhall/Desktop/Projects/tech-tests/bank-tech-test/lib/account.js",
    "statementMap": {
      "0": {
        "start": { "line": 1, "column": 18 },
        "end": { "line": 1, "column": 40 }
      },
      "1": {
        "start": { "line": 5, "column": 4 },
        "end": { "line": 5, "column": 27 }
      },
      "2": {
        "start": { "line": 9, "column": 4 },
        "end": { "line": 12, "column": 7 }
      },
      "3": {
        "start": { "line": 16, "column": 4 },
        "end": { "line": 19, "column": 7 }
      },
      "4": {
        "start": { "line": 23, "column": 20 },
        "end": { "line": 23, "column": 52 }
      },
      "5": {
        "start": { "line": 24, "column": 4 },
        "end": { "line": 24, "column": 38 }
      },
      "6": {
        "start": { "line": 28, "column": 15 },
        "end": { "line": 28, "column": 25 }
      },
      "7": {
        "start": { "line": 29, "column": 14 },
        "end": { "line": 29, "column": 28 }
      },
      "8": {
        "start": { "line": 30, "column": 16 },
        "end": { "line": 30, "column": 33 }
      },
      "9": {
        "start": { "line": 31, "column": 15 },
        "end": { "line": 31, "column": 33 }
      },
      "10": {
        "start": { "line": 32, "column": 4 },
        "end": { "line": 32, "column": 37 }
      },
      "11": {
        "start": { "line": 36, "column": 0 },
        "end": { "line": 36, "column": 25 }
      }
    },
    "fnMap": {
      "0": {
        "name": "(anonymous_0)",
        "decl": {
          "start": { "line": 4, "column": 2 },
          "end": { "line": 4, "column": 3 }
        },
        "loc": {
          "start": { "line": 4, "column": 16 },
          "end": { "line": 6, "column": 3 }
        },
        "line": 4
      },
      "1": {
        "name": "(anonymous_1)",
        "decl": {
          "start": { "line": 8, "column": 2 },
          "end": { "line": 8, "column": 3 }
        },
        "loc": {
          "start": { "line": 8, "column": 18 },
          "end": { "line": 13, "column": 3 }
        },
        "line": 8
      },
      "2": {
        "name": "(anonymous_2)",
        "decl": {
          "start": { "line": 15, "column": 2 },
          "end": { "line": 15, "column": 3 }
        },
        "loc": {
          "start": { "line": 15, "column": 19 },
          "end": { "line": 20, "column": 3 }
        },
        "line": 15
      },
      "3": {
        "name": "(anonymous_3)",
        "decl": {
          "start": { "line": 22, "column": 2 },
          "end": { "line": 22, "column": 3 }
        },
        "loc": {
          "start": { "line": 22, "column": 21 },
          "end": { "line": 25, "column": 3 }
        },
        "line": 22
      }
    },
    "branchMap": {},
    "s": {
      "0": 5,
      "1": 9,
      "2": 5,
      "3": 3,
      "4": 5,
      "5": 5,
      "6": 8,
      "7": 8,
      "8": 8,
      "9": 8,
      "10": 8,
      "11": 5
    },
    "f": { "0": 9, "1": 5, "2": 3, "3": 5 },
    "b": {},
    "_coverageSchema": "1a1c01bbd47fc00a2c39e90264f33305004495a9",
    "hash": "a4f644bb94b6e14b2d0bad63477c49f63ef7d65a"
  },
  "/Users/benhall/Desktop/Projects/tech-tests/bank-tech-test/lib/statement.js": {
    "path": "/Users/benhall/Desktop/Projects/tech-tests/bank-tech-test/lib/statement.js",
    "statementMap": {
      "0": {
        "start": { "line": 1, "column": 15 },
        "end": { "line": 1, "column": 32 }
      },
      "1": {
        "start": { "line": 5, "column": 4 },
        "end": { "line": 5, "column": 24 }
      },
      "2": {
        "start": { "line": 6, "column": 4 },
        "end": { "line": 6, "column": 37 }
      },
      "3": {
        "start": { "line": 10, "column": 4 },
        "end": { "line": 10, "column": 28 }
      },
      "4": {
        "start": { "line": 11, "column": 4 },
        "end": { "line": 11, "column": 31 }
      },
      "5": {
        "start": { "line": 15, "column": 4 },
        "end": { "line": 15, "column": 22 }
      },
      "6": {
        "start": { "line": 16, "column": 4 },
        "end": { "line": 16, "column": 23 }
      },
      "7": {
        "start": { "line": 17, "column": 4 },
        "end": { "line": 20, "column": 5 }
      },
      "8": {
        "start": { "line": 18, "column": 6 },
        "end": { "line": 18, "column": 31 }
      },
      "9": {
        "start": { "line": 19, "column": 6 },
        "end": { "line": 19, "column": 30 }
      },
      "10": {
        "start": { "line": 24, "column": 4 },
        "end": { "line": 24, "column": 59 }
      },
      "11": {
        "start": { "line": 28, "column": 30 },
        "end": { "line": 28, "column": 57 }
      },
      "12": {
        "start": { "line": 29, "column": 4 },
        "end": { "line": 38, "column": 7 }
      },
      "13": {
        "start": { "line": 30, "column": 6 },
        "end": { "line": 30, "column": 22 }
      },
      "14": {
        "start": { "line": 31, "column": 6 },
        "end": { "line": 31, "column": 31 }
      },
      "15": {
        "start": { "line": 32, "column": 17 },
        "end": { "line": 32, "column": 43 }
      },
      "16": {
        "start": { "line": 33, "column": 6 },
        "end": { "line": 37, "column": 43 }
      },
      "17": {
        "start": { "line": 42, "column": 20 },
        "end": { "line": 42, "column": 46 }
      },
      "18": {
        "start": { "line": 43, "column": 4 },
        "end": { "line": 43, "column": 48 }
      },
      "19": {
        "start": { "line": 47, "column": 18 },
        "end": { "line": 47, "column": 19 }
      },
      "20": {
        "start": { "line": 48, "column": 4 },
        "end": { "line": 51, "column": 7 }
      },
      "21": {
        "start": { "line": 49, "column": 6 },
        "end": { "line": 49, "column": 27 }
      },
      "22": {
        "start": { "line": 50, "column": 6 },
        "end": { "line": 50, "column": 28 }
      },
      "23": {
        "start": { "line": 55, "column": 0 },
        "end": { "line": 55, "column": 27 }
      }
    },
    "fnMap": {
      "0": {
        "name": "(anonymous_0)",
        "decl": {
          "start": { "line": 4, "column": 2 },
          "end": { "line": 4, "column": 3 }
        },
        "loc": {
          "start": { "line": 4, "column": 33 },
          "end": { "line": 7, "column": 3 }
        },
        "line": 4
      },
      "1": {
        "name": "(anonymous_1)",
        "decl": {
          "start": { "line": 9, "column": 2 },
          "end": { "line": 9, "column": 3 }
        },
        "loc": {
          "start": { "line": 9, "column": 19 },
          "end": { "line": 12, "column": 3 }
        },
        "line": 9
      },
      "2": {
        "name": "(anonymous_2)",
        "decl": {
          "start": { "line": 29, "column": 32 },
          "end": { "line": 29, "column": 33 }
        },
        "loc": {
          "start": { "line": 29, "column": 41 },
          "end": { "line": 38, "column": 5 }
        },
        "line": 29
      },
      "3": {
        "name": "(anonymous_3)",
        "decl": {
          "start": { "line": 48, "column": 30 },
          "end": { "line": 48, "column": 31 }
        },
        "loc": {
          "start": { "line": 48, "column": 39 },
          "end": { "line": 51, "column": 5 }
        },
        "line": 48
      }
    },
    "branchMap": {
      "0": {
        "loc": {
          "start": { "line": 4, "column": 14 },
          "end": { "line": 4, "column": 31 }
        },
        "type": "default-arg",
        "locations": [
          {
            "start": { "line": 4, "column": 29 },
            "end": { "line": 4, "column": 31 }
          }
        ],
        "line": 4
      },
      "1": {
        "loc": {
          "start": { "line": 17, "column": 4 },
          "end": { "line": 20, "column": 5 }
        },
        "type": "if",
        "locations": [
          {
            "start": { "line": 17, "column": 4 },
            "end": { "line": 20, "column": 5 }
          },
          { "start": {}, "end": {} }
        ],
        "line": 17
      },
      "2": {
        "loc": {
          "start": { "line": 33, "column": 6 },
          "end": { "line": 37, "column": 42 }
        },
        "type": "cond-expr",
        "locations": [
          {
            "start": { "line": 34, "column": 11 },
            "end": { "line": 35, "column": 44 }
          },
          {
            "start": { "line": 36, "column": 11 },
            "end": { "line": 37, "column": 41 }
          }
        ],
        "line": 33
      }
    },
    "s": {
      "0": 5,
      "1": 7,
      "2": 7,
      "3": 6,
      "4": 6,
      "5": 6,
      "6": 6,
      "7": 6,
      "8": 4,
      "9": 4,
      "10": 6,
      "11": 4,
      "12": 4,
      "13": 6,
      "14": 6,
      "15": 6,
      "16": 6,
      "17": 12,
      "18": 12,
      "19": 4,
      "20": 4,
      "21": 6,
      "22": 6,
      "23": 5
    },
    "f": { "0": 7, "1": 6, "2": 6, "3": 6 },
    "b": { "0": [1], "1": [4, 2], "2": [4, 2] },
    "_coverageSchema": "1a1c01bbd47fc00a2c39e90264f33305004495a9",
    "hash": "f5714868e82af4b76b81d22f58f55e96dcf62170"
  }
}
