TN:
SF:lib/account.js
FN:4,(anonymous_0)
FN:8,(anonymous_1)
FN:15,(anonymous_2)
FN:22,(anonymous_3)
FNF:4
FNH:4
FNDA:9,(anonymous_0)
FNDA:5,(anonymous_1)
FNDA:3,(anonymous_2)
FNDA:5,(anonymous_3)
DA:1,5
DA:5,9
DA:9,5
DA:16,3
DA:23,5
DA:24,5
DA:28,8
DA:29,8
DA:30,8
DA:31,8
DA:32,8
DA:36,5
LF:12
LH:12
BRF:0
BRH:0
end_of_record
TN:
SF:lib/statement.js
FN:4,(anonymous_0)
FN:9,(anonymous_1)
FN:29,(anonymous_2)
FN:48,(anonymous_3)
FNF:4
FNH:4
FNDA:7,(anonymous_0)
FNDA:6,(anonymous_1)
FNDA:6,(anonymous_2)
FNDA:6,(anonymous_3)
DA:1,5
DA:5,7
DA:6,7
DA:10,6
DA:11,6
DA:15,6
DA:16,6
DA:17,6
DA:18,4
DA:19,4
DA:24,6
DA:28,4
DA:29,4
DA:30,6
DA:31,6
DA:32,6
DA:33,6
DA:42,12
DA:43,12
DA:47,4
DA:48,4
DA:49,6
DA:50,6
DA:55,5
LF:24
LH:24
BRDA:4,0,0,1
BRDA:17,1,0,4
BRDA:17,1,1,2
BRDA:33,2,0,4
BRDA:33,2,1,2
BRF:5
BRH:5
end_of_record
