TN:
SF:lib/account.js
FN:4,(anonymous_0)
FN:9,(anonymous_1)
FN:18,(anonymous_2)
FN:27,(anonymous_3)
FNF:4
FNH:4
FNDA:9,(anonymous_0)
FNDA:5,(anonymous_1)
FNDA:3,(anonymous_2)
FNDA:4,(anonymous_3)
DA:1,5
DA:5,9
DA:6,9
DA:10,5
DA:11,5
DA:19,3
DA:20,3
DA:28,4
DA:29,4
DA:33,5
LF:10
LH:10
BRF:0
BRH:0
end_of_record
TN:
SF:lib/statement.js
FN:4,(anonymous_0)
FN:9,(anonymous_1)
FN:27,(anonymous_2)
FNF:3
FNH:3
FNDA:6,(anonymous_0)
FNDA:6,(anonymous_1)
FNDA:6,(anonymous_2)
DA:1,5
DA:5,6
DA:6,6
DA:10,6
DA:11,6
DA:15,6
DA:16,6
DA:17,6
DA:18,4
DA:23,6
DA:27,4
DA:28,6
DA:29,6
DA:30,6
DA:41,12
DA:42,12
DA:46,5
LF:17
LH:17
BRDA:4,0,0,1
BRDA:17,1,0,4
BRDA:17,1,1,2
BRDA:30,2,0,4
BRDA:30,2,1,2
BRF:5
BRH:5
end_of_record
